         w __deregister_frame_info
         w __gnu_Unwind_Find_exidx
         w __register_frame_info
         w pthread_cancel
         w pthread_cond_broadcast
         w pthread_cond_wait
         w pthread_getspecific
         w pthread_key_create
         w pthread_key_delete
         w pthread_mutex_lock
         w pthread_mutex_unlock
         w pthread_once
         w pthread_setspecific
         w userAppExit
         w userAppInit
00000000 00000802 B __ctru_dev_utf16_buf
00000000 A __sync_synchronize
00000000 b _TLS_MODULE_BASE_
00000000 a shift
00000000 a shift
00000804 00000401 B __ctru_dev_path_buf
00100000 A __start__
00100000 T _start
00100008 T __service_ptr
0010000c T __apt_appid
00100010 T __heap_size
00100014 T __linear_heap_size
00100018 T __system_arglist
0010001c T __system_runflags
00100020 t startup
00100058 t ClearMem
0010006c t ClrLoop
00100094 T _init
001000ac T __aeabi_uidiv
001000ac 000001ec T __udivsi3
001000ac t .udivsi3_skip_div0_test
00100298 00000020 T __aeabi_uidivmod
001002b8 T __aeabi_idiv
001002b8 00000220 T __divsi3
001002c0 t .divsi3_skip_div0_test
001004d8 00000020 T __aeabi_idivmod
001004f8 00000004 W __aeabi_idiv0
001004f8 00000004 W __aeabi_ldiv0
001004fc T __aeabi_drsub
00100504 000002b0 T __aeabi_dsub
00100504 000002b0 T __subdf3
00100508 000002ac T __adddf3
00100508 000002ac T __aeabi_dadd
001007b4 00000024 T __aeabi_ui2d
001007b4 00000024 T __floatunsidf
001007d8 00000028 T __aeabi_i2d
001007d8 00000028 T __floatsidf
00100800 00000048 T __aeabi_f2d
00100800 00000048 T __extendsfdf2
00100848 00000074 T __aeabi_ul2d
00100848 00000074 T __floatundidf
0010085c 00000060 T __aeabi_l2d
0010085c 00000060 T __floatdidf
001008bc T __aeabi_ldivmod
00100990 T __aeabi_uldivmod
001009cc 00000014 T __restore_core_regs
001009cc 00000014 T restore_core_regs
001009e0 T __gnu_Unwind_Restore_VFP
001009e8 T __gnu_Unwind_Save_VFP
001009f0 T __gnu_Unwind_Restore_VFP_D
001009f8 T __gnu_Unwind_Save_VFP_D
00100a00 T __gnu_Unwind_Restore_VFP_D_16_to_31
00100a08 T __gnu_Unwind_Save_VFP_D_16_to_31
00100a10 T __gnu_Unwind_Restore_WMMXD
00100a54 T __gnu_Unwind_Save_WMMXD
00100a98 T __gnu_Unwind_Restore_WMMXC
00100aac T __gnu_Unwind_Save_WMMXC
00100ac0 00000024 T ___Unwind_RaiseException
00100ac0 00000024 T _Unwind_RaiseException
00100ae4 00000024 T ___Unwind_Resume
00100ae4 00000024 T _Unwind_Resume
00100b08 00000024 T ___Unwind_Resume_or_Rethrow
00100b08 00000024 T _Unwind_Resume_or_Rethrow
00100b2c 00000024 T ___Unwind_ForcedUnwind
00100b2c 00000024 T _Unwind_ForcedUnwind
00100b50 00000024 T ___Unwind_Backtrace
00100b50 00000024 T _Unwind_Backtrace
00100b88 00000390 T strcmp
00100f10 t __do_global_dtors_aux
00100f60 t frame_dummy
00100f8c 0000001c t std::_Function_handler<void (), editor::init_if_needed()::{lambda()#1}>::_M_manager(std::_Any_data&, std::_Any_data const&, std::_Manager_operation)
00100fa8 0000001c t std::_Function_handler<void (), editor::init_if_needed()::{lambda()#2}>::_M_manager(std::_Any_data&, std::_Any_data const&, std::_Manager_operation)
00100fc4 0000001c t std::_Function_handler<void (), editor::init_if_needed()::{lambda()#3}>::_M_manager(std::_Any_data&, std::_Any_data const&, std::_Manager_operation)
00100fe0 0000001c t std::_Function_handler<void (), editor::init_if_needed()::{lambda()#4}>::_M_manager(std::_Any_data&, std::_Any_data const&, std::_Manager_operation)
00100ffc 0000001c t std::_Function_handler<void (), editor::init_if_needed()::{lambda()#5}>::_M_manager(std::_Any_data&, std::_Any_data const&, std::_Manager_operation)
00101018 000000a4 t std::vector<editor::UndoEntry, std::allocator<editor::UndoEntry> >::_M_erase(__gnu_cxx::__normal_iterator<editor::UndoEntry*, std::vector<editor::UndoEntry, std::allocator<editor::UndoEntry> > >) [clone .isra.0]
001010bc 0000005c t std::_Function_handler<void (), editor::init_if_needed()::{lambda()#5}>::_M_invoke(std::_Any_data const&)
00101118 00000070 t std::_Function_handler<void (), editor::init_if_needed()::{lambda()#2}>::_M_invoke(std::_Any_data const&)
00101188 000001e8 t std::_Function_handler<void (), editor::init_if_needed()::{lambda()#4}>::_M_invoke(std::_Any_data const&)
00101370 000000b4 t editor::edit_level_name()
00101424 00000028 t std::_Function_handler<void (), editor::init_if_needed()::{lambda()#1}>::_M_invoke(std::_Any_data const&)
0010144c 0000003c T editor::persist_current_level()
00101488 00000018 T editor::fade_overlay_active()
001014a0 000000f0 T editor::render_fade_overlay()
00101590 00000010 T editor::test_return_active()
001015a0 00000010 T editor::current_level_index()
001015b0 00000040 T editor::on_return_from_test_full()
001015f0 0000001c T editor::test_grace_active()
0010160c 0000001c T editor::tick_test_grace()
00101628 000001bc W void std::vector<UIButton, std::allocator<UIButton> >::_M_realloc_append<UIButton const&>(UIButton const&)
001017e4 00000a0c t editor::init_if_needed() [clone .part.0]
001021f0 000005fc T editor::render()
001027ec 0000012c W void std::vector<editor::UndoEntry, std::allocator<editor::UndoEntry> >::_M_realloc_append<editor::UndoEntry>(editor::UndoEntry&&)
00102918 000002a0 t std::_Function_handler<void (), editor::init_if_needed()::{lambda()#3}>::_M_invoke(std::_Any_data const&)
00102bb8 00000508 T editor::update(InputState const&)
001030c0 0000006c t _GLOBAL__sub_I__ZN6editor21persist_current_levelEv
0010312c 00000098 t _GLOBAL__sub_D__ZN6editor21persist_current_levelEv
001031c4 00000020 t C2D_DrawRectSolid.constprop.0.isra.0
001031e8 00000370 T main
00103558 00000108 t game::set_bat_size(int)
00103660 0000022c t game::choose_split_velocity(game::Ball const&, float&, float&)
0010388c 00000078 t game::begin_game_over() [clone .part.0]
00103904 000000e8 t game::begin_death_sequence()
001039ec 000001d8 t game::schedule_neighbor_bombs(int, int, int) [clone .constprop.0]
00103bc4 00000200 t game::spawn_destroy_bat_brick(BrickType, float, float)
00103dc4 00000088 t std::vector<game::FallingLetter, std::allocator<game::FallingLetter> >::_M_erase(__gnu_cxx::__normal_iterator<game::FallingLetter*, std::vector<game::FallingLetter, std::allocator<game::FallingLetter> > >, __gnu_cxx::__normal_iterator<game::FallingLetter*, std::vector<game::FallingLetter, std::allocator<game::FallingLetter> > >) [clone .isra.0]
00103e50 00001514 T game::render()
00105364 00000004 T game_render()
00105368 00000094 T game_render_title_buttons(InputState const&)
001053fc 0000001c T game_mode()
00105418 00000010 T exit_requested()
00105428 000000d8 W void std::vector<game::Particle, std::allocator<game::Particle> >::_M_realloc_append<game::Particle const&>(game::Particle const&)
00105500 00000130 T game::spawn_dust_effect(float, float)
00105630 0000015c W std::vector<game::MovingBrickData, std::allocator<game::MovingBrickData> >::_M_fill_assign(unsigned int, game::MovingBrickData const&)
0010578c 000000dc W void std::vector<game::FallingLetter, std::allocator<game::FallingLetter> >::_M_realloc_append<game::FallingLetter const&>(game::FallingLetter const&)
00105868 000000fc t game::spawn_bonus_letter(int, float, float) [clone .part.0]
00105964 000000ec t game::spawn_effect_pickup(int, int, float, float)
00105a50 000000f4 t game::spawn_bat_pickup(bool, float, float)
00105b44 000000e0 W void std::vector<game::Ball, std::allocator<game::Ball> >::_M_realloc_append<game::Ball>(game::Ball&&)
00105c24 000001e8 T game::init_assets()
00105e0c 00000100 T game::init()
00105f0c 00000004 T game_init()
00105f10 000001c4 t game::finalize_game_over()
001060d4 000003bc t game::apply_brick_effect(BrickType, float, float, game::Ball&)
00106490 00000608 t game::handle_ball_bricks(game::Ball&)::{lambda(int, int, float, float, int, int, float, float)#1}::operator()(int, int, float, float, int, int, float, float) const
00106a98 0000320c T game::update(InputState const&)
00109ca4 00000004 T game_update(InputState const&)
00109ca8 00000174 t _GLOBAL__sub_I__ZN4game17spawn_dust_effectEff
00109e1c 000000b4 t _GLOBAL__sub_D__ZN4game17spawn_dust_effectEff
00109ed0 000000c8 T highscores::set_name(int, char const*)
00109f98 00000124 T highscores::save()
0010a0bc 0000027c T highscores::init()
0010a338 00000104 T highscores::submit(unsigned long, int)
0010a43c 00000014 T highscores::table()
0010a450 000000d4 t std::_Hashtable<std::__cxx11::basic_string<char, std::char_traits<char>, std::allocator<char> >, std::pair<std::__cxx11::basic_string<char, std::char_traits<char>, std::allocator<char> > const, int>, std::allocator<std::pair<std::__cxx11::basic_string<char, std::char_traits<char>, std::allocator<char> > const, int> >, std::__detail::_Select1st, std::equal_to<std::__cxx11::basic_string<char, std::char_traits<char>, std::allocator<char> > >, std::hash<std::__cxx11::basic_string<char, std::char_traits<char>, std::allocator<char> > >, std::__detail::_Mod_range_hashing, std::__detail::_Default_ranged_hash, std::__detail::_Prime_rehash_policy, std::__detail::_Hashtable_traits<true, false, true> >::_M_find_before_node(unsigned int, std::__cxx11::basic_string<char, std::char_traits<char>, std::allocator<char> > const&, unsigned int) const [clone .isra.0]
0010a524 000000f0 t std::_Hashtable<std::__cxx11::basic_string<char, std::char_traits<char>, std::allocator<char> >, std::pair<std::__cxx11::basic_string<char, std::char_traits<char>, std::allocator<char> > const, int>, std::allocator<std::pair<std::__cxx11::basic_string<char, std::char_traits<char>, std::allocator<char> > const, int> >, std::__detail::_Select1st, std::equal_to<std::__cxx11::basic_string<char, std::char_traits<char>, std::allocator<char> > >, std::hash<std::__cxx11::basic_string<char, std::char_traits<char>, std::allocator<char> > >, std::__detail::_Mod_range_hashing, std::__detail::_Default_ranged_hash, std::__detail::_Prime_rehash_policy, std::__detail::_Hashtable_traits<true, false, true> >::_M_rehash(unsigned int, std::integral_constant<bool, true>) [clone .isra.0]
0010a614 00000130 t std::vector<unsigned char, std::allocator<unsigned char> >::operator=(std::vector<unsigned char, std::allocator<unsigned char> > const&) [clone .isra.0]
0010a744 00000254 t levels::ensureOnSdmc()::{lambda(char const*)#1}::operator()(char const*) const [clone .isra.0]
0010a998 00000094 t void std::__cxx11::basic_string<char, std::char_traits<char>, std::allocator<char> >::_M_construct<char const*>(char const*, char const*, std::forward_iterator_tag) [clone .isra.0]
0010aa2c 00000248 t void std::__unguarded_linear_insert<__gnu_cxx::__normal_iterator<std::__cxx11::basic_string<char, std::char_traits<char>, std::allocator<char> >*, std::vector<std::__cxx11::basic_string<char, std::char_traits<char>, std::allocator<char> >, std::allocator<std::__cxx11::basic_string<char, std::char_traits<char>, std::allocator<char> > > > >, __gnu_cxx::__ops::_Val_less_iter>(__gnu_cxx::__normal_iterator<std::__cxx11::basic_string<char, std::char_traits<char>, std::allocator<char> >*, std::vector<std::__cxx11::basic_string<char, std::char_traits<char>, std::allocator<char> >, std::allocator<std::__cxx11::basic_string<char, std::char_traits<char>, std::allocator<char> > > > >, __gnu_cxx::__ops::_Val_less_iter) [clone .isra.0]
0010ac74 000002e4 t void std::__insertion_sort<__gnu_cxx::__normal_iterator<std::__cxx11::basic_string<char, std::char_traits<char>, std::allocator<char> >*, std::vector<std::__cxx11::basic_string<char, std::char_traits<char>, std::allocator<char> >, std::allocator<std::__cxx11::basic_string<char, std::char_traits<char>, std::allocator<char> > > > >, __gnu_cxx::__ops::_Iter_less_iter>(__gnu_cxx::__normal_iterator<std::__cxx11::basic_string<char, std::char_traits<char>, std::allocator<char> >*, std::vector<std::__cxx11::basic_string<char, std::char_traits<char>, std::allocator<char> >, std::allocator<std::__cxx11::basic_string<char, std::char_traits<char>, std::allocator<char> > > > >, __gnu_cxx::__normal_iterator<std::__cxx11::basic_string<char, std::char_traits<char>, std::allocator<char> >*, std::vector<std::__cxx11::basic_string<char, std::char_traits<char>, std::allocator<char> >, std::allocator<std::__cxx11::basic_string<char, std::char_traits<char>, std::allocator<char> > > > >, __gnu_cxx::__ops::_Iter_less_iter) [clone .isra.0]
0010af58 00000604 t void std::__adjust_heap<__gnu_cxx::__normal_iterator<std::__cxx11::basic_string<char, std::char_traits<char>, std::allocator<char> >*, std::vector<std::__cxx11::basic_string<char, std::char_traits<char>, std::allocator<char> >, std::allocator<std::__cxx11::basic_string<char, std::char_traits<char>, std::allocator<char> > > > >, int, std::__cxx11::basic_string<char, std::char_traits<char>, std::allocator<char> >, __gnu_cxx::__ops::_Iter_less_iter>(__gnu_cxx::__normal_iterator<std::__cxx11::basic_string<char, std::char_traits<char>, std::allocator<char> >*, std::vector<std::__cxx11::basic_string<char, std::char_traits<char>, std::allocator<char> >, std::allocator<std::__cxx11::basic_string<char, std::char_traits<char>, std::allocator<char> > > > >, int, int, std::__cxx11::basic_string<char, std::char_traits<char>, std::allocator<char> >, __gnu_cxx::__ops::_Iter_less_iter) [clone .isra.0]
0010b55c 0000017c T levels::renderBricks()
0010b6d8 000003b8 T levels::levels_explode_bomb(int, int, std::vector<DestroyedBrick, std::allocator<DestroyedBrick> >*)
0010ba90 000000f4 T levels::levels_reset_level(int)
0010bb84 000000dc T levels::edit_set_brick(int, int, int, int)
0010bc60 000002a4 T levels::set_name(int, char const*)
0010bf04 000001c8 T levels::save_active()
0010c0cc 00000004 T levels_render()
0010c0d0 00000030 T levels_count()
0010c100 00000010 T levels_current()
0010c110 00000050 T levels_set_current(int)
0010c160 00000008 T levels_grid_width()
0010c168 00000008 T levels_grid_height()
0010c170 00000014 T levels_left()
0010c184 00000014 T levels_top()
0010c198 00000008 T levels_edit_left()
0010c1a0 00000008 T levels_edit_top()
0010c1a8 00000008 T levels_brick_width()
0010c1b0 00000008 T levels_brick_height()
0010c1b8 00000008 T levels_edit_brick_width()
0010c1c0 00000008 T levels_edit_brick_height()
0010c1c8 00000060 T levels_brick_at(int, int)
0010c228 00000088 T levels_remove_brick(int, int)
0010c2b0 00000004 T levels_explode_bomb(int, int, std::vector<DestroyedBrick, std::allocator<DestroyedBrick> >*)
0010c2b4 0000001c T levels_atlas_index(int)
0010c2d0 00000004 T levels_reset_level(int)
0010c2d4 000000d8 T levels_snapshot_level(int)
0010c3ac 00000010 T levels_set_draw_offset(int)
0010c3bc 00000010 T levels_get_draw_offset()
0010c3cc 00000010 T levels_set_draw_offset_y(int)
0010c3dc 00000010 T levels_get_draw_offset_y()
0010c3ec 00000104 T levels_set_active_file(char const*)
0010c4f0 00000010 T levels_get_active_file()
0010c500 00000084 T levels_edit_get_brick(int, int, int)
0010c584 00000004 T levels_edit_set_brick(int, int, int, int)
0010c588 00000054 T levels_get_speed(int)
0010c5dc 0000005c T levels_set_speed(int, int)
0010c638 00000054 T levels_get_name(int)
0010c68c 00000004 T levels_set_name(int, char const*)
0010c690 00000004 T levels_save_active()
0010c694 00000098 W std::vector<unsigned char, std::allocator<unsigned char> >::reserve(unsigned int)
0010c72c 00000108 W std::vector<unsigned char, std::allocator<unsigned char> >::_M_fill_assign(unsigned int, unsigned char const&)
0010c834 000001f4 T levels::levels_damage_brick(int, int)
0010ca28 00000004 T levels_damage_brick(int, int)
0010ca2c 0000036c W void std::vector<levels::Level, std::allocator<levels::Level> >::_M_realloc_append<levels::Level const&>(levels::Level const&)
0010cd98 0000025c W std::vector<levels::Level, std::allocator<levels::Level> >::push_back(levels::Level const&)
0010cff4 000003b0 t levels::buildFallback()
0010d3a4 000000f4 W std::_Hashtable<std::__cxx11::basic_string<char, std::char_traits<char>, std::allocator<char> >, std::pair<std::__cxx11::basic_string<char, std::char_traits<char>, std::allocator<char> > const, int>, std::allocator<std::pair<std::__cxx11::basic_string<char, std::char_traits<char>, std::allocator<char> > const, int> >, std::__detail::_Select1st, std::equal_to<std::__cxx11::basic_string<char, std::char_traits<char>, std::allocator<char> > >, std::hash<std::__cxx11::basic_string<char, std::char_traits<char>, std::allocator<char> > >, std::__detail::_Mod_range_hashing, std::__detail::_Default_ranged_hash, std::__detail::_Prime_rehash_policy, std::__detail::_Hashtable_traits<true, false, true> >::find(std::__cxx11::basic_string<char, std::char_traits<char>, std::allocator<char> > const&) const
0010d498 00000a78 T levels::load()
0010df10 00000004 T levels_load()
0010df14 00000098 T levels_reload_active()
0010dfac 00000174 W void std::vector<std::__cxx11::basic_string<char, std::char_traits<char>, std::allocator<char> >, std::allocator<std::__cxx11::basic_string<char, std::char_traits<char>, std::allocator<char> > > >::_M_realloc_append<std::__cxx11::basic_string<char, std::char_traits<char>, std::allocator<char> > >(std::__cxx11::basic_string<char, std::char_traits<char>, std::allocator<char> >&&)
0010e120 00000338 W void std::__heap_select<__gnu_cxx::__normal_iterator<std::__cxx11::basic_string<char, std::char_traits<char>, std::allocator<char> >*, std::vector<std::__cxx11::basic_string<char, std::char_traits<char>, std::allocator<char> >, std::allocator<std::__cxx11::basic_string<char, std::char_traits<char>, std::allocator<char> > > > >, __gnu_cxx::__ops::_Iter_less_iter>(__gnu_cxx::__normal_iterator<std::__cxx11::basic_string<char, std::char_traits<char>, std::allocator<char> >*, std::vector<std::__cxx11::basic_string<char, std::char_traits<char>, std::allocator<char> >, std::allocator<std::__cxx11::basic_string<char, std::char_traits<char>, std::allocator<char> > > > >, __gnu_cxx::__normal_iterator<std::__cxx11::basic_string<char, std::char_traits<char>, std::allocator<char> >*, std::vector<std::__cxx11::basic_string<char, std::char_traits<char>, std::allocator<char> >, std::allocator<std::__cxx11::basic_string<char, std::char_traits<char>, std::allocator<char> > > > >, __gnu_cxx::__normal_iterator<std::__cxx11::basic_string<char, std::char_traits<char>, std::allocator<char> >*, std::vector<std::__cxx11::basic_string<char, std::char_traits<char>, std::allocator<char> >, std::allocator<std::__cxx11::basic_string<char, std::char_traits<char>, std::allocator<char> > > > >, __gnu_cxx::__ops::_Iter_less_iter)
0010e458 00000450 t void std::__introsort_loop<__gnu_cxx::__normal_iterator<std::__cxx11::basic_string<char, std::char_traits<char>, std::allocator<char> >*, std::vector<std::__cxx11::basic_string<char, std::char_traits<char>, std::allocator<char> >, std::allocator<std::__cxx11::basic_string<char, std::char_traits<char>, std::allocator<char> > > > >, int, __gnu_cxx::__ops::_Iter_less_iter>(__gnu_cxx::__normal_iterator<std::__cxx11::basic_string<char, std::char_traits<char>, std::allocator<char> >*, std::vector<std::__cxx11::basic_string<char, std::char_traits<char>, std::allocator<char> >, std::allocator<std::__cxx11::basic_string<char, std::char_traits<char>, std::allocator<char> > > > >, __gnu_cxx::__normal_iterator<std::__cxx11::basic_string<char, std::char_traits<char>, std::allocator<char> >*, std::vector<std::__cxx11::basic_string<char, std::char_traits<char>, std::allocator<char> >, std::allocator<std::__cxx11::basic_string<char, std::char_traits<char>, std::allocator<char> > > > >, int, __gnu_cxx::__ops::_Iter_less_iter) [clone .isra.0]
0010e8a8 0000026c t levels::listDatFiles()
0010eb14 00000088 t levels::available_level_files[abi:cxx11]() [clone .part.0]
0010eb9c 00000030 T levels_available_files[abi:cxx11]()
0010ebcc 00000088 T levels::refresh_level_files()
0010ec54 00000004 T levels_refresh_files()
0010ec58 000001b4 T levels_duplicate_active(char const*)
0010ee0c 000002ac t _GLOBAL__sub_I__ZN6levels21available_level_filesB5cxx11Ev
0010f0b8 00000130 t _GLOBAL__sub_D__ZN6levels21available_level_filesB5cxx11Ev
0010f1e8 00000124 t options::show_name_keyboard()
0010f30c 00000004 t std::_Function_handler<void (), options::begin()::{lambda()#1}>::_M_invoke(std::_Any_data const&)
0010f310 0000001c t std::_Function_handler<void (), options::begin()::{lambda()#1}>::_M_manager(std::_Any_data&, std::_Any_data const&, std::_Manager_operation)
0010f32c 0000001c t std::_Function_handler<void (), options::begin()::{lambda()#2}>::_M_manager(std::_Any_data&, std::_Any_data const&, std::_Manager_operation)
0010f348 0000005c t options::begin()::{lambda(int)#1}::_FUN(int)
0010f3a4 00000220 t std::_Function_handler<void (), options::begin()::{lambda()#2}>::_M_invoke(std::_Any_data const&)
0010f5c4 00000408 T options::update(InputState const&)
0010f9cc 00000184 T options::render()
0010fb50 00000750 T options::begin()
001102a0 0000002c t _GLOBAL__sub_I__ZN7options5beginEv
001102cc 00000060 t _GLOBAL__sub_D__ZN7options5beginEv
0011032c 000000d4 t std::_Hashtable<std::__cxx11::basic_string<char, std::char_traits<char>, std::allocator<char> >, std::pair<std::__cxx11::basic_string<char, std::char_traits<char>, std::allocator<char> > const, sound::Clip>, std::allocator<std::pair<std::__cxx11::basic_string<char, std::char_traits<char>, std::allocator<char> > const, sound::Clip> >, std::__detail::_Select1st, std::equal_to<std::__cxx11::basic_string<char, std::char_traits<char>, std::allocator<char> > >, std::hash<std::__cxx11::basic_string<char, std::char_traits<char>, std::allocator<char> > >, std::__detail::_Mod_range_hashing, std::__detail::_Default_ranged_hash, std::__detail::_Prime_rehash_policy, std::__detail::_Hashtable_traits<true, false, true> >::_M_find_before_node(unsigned int, std::__cxx11::basic_string<char, std::char_traits<char>, std::allocator<char> > const&, unsigned int) const [clone .isra.0]
00110400 00000094 t void std::__cxx11::basic_string<char, std::char_traits<char>, std::allocator<char> >::_M_construct<char const*>(char const*, char const*, std::forward_iterator_tag) [clone .isra.0]
00110494 000003bc t sound::ensure_romfs_prefix(std::__cxx11::basic_string<char, std::char_traits<char>, std::allocator<char> >&, char const*, bool, char const*) [clone .part.0] [clone .constprop.0]
00110850 000000fc T sound::init()
0011094c 0000012c T sound::update()
00110a78 00000048 T sound::stop_sfx_channel(int)
00110ac0 00000094 T sound::stop_music()
00110b54 000000e8 T sound::shutdown()
00110c3c 00000138 W std::vector<short, std::allocator<short> >::_M_default_append(unsigned int)
00110d74 00000318 t sound::load_wav_pcm16(char const*, std::vector<short, std::allocator<short> >&, int&, int&, long&, unsigned int&) [clone .constprop.0]
0011108c 000000f4 W std::_Hashtable<std::__cxx11::basic_string<char, std::char_traits<char>, std::allocator<char> >, std::pair<std::__cxx11::basic_string<char, std::char_traits<char>, std::allocator<char> > const, sound::Clip>, std::allocator<std::pair<std::__cxx11::basic_string<char, std::char_traits<char>, std::allocator<char> > const, sound::Clip> >, std::__detail::_Select1st, std::equal_to<std::__cxx11::basic_string<char, std::char_traits<char>, std::allocator<char> > >, std::hash<std::__cxx11::basic_string<char, std::char_traits<char>, std::allocator<char> > >, std::__detail::_Mod_range_hashing, std::__detail::_Default_ranged_hash, std::__detail::_Prime_rehash_policy, std::__detail::_Hashtable_traits<true, false, true> >::find(std::__cxx11::basic_string<char, std::char_traits<char>, std::allocator<char> > const&)
00111180 000001c8 W std::_Hashtable<std::__cxx11::basic_string<char, std::char_traits<char>, std::allocator<char> >, std::pair<std::__cxx11::basic_string<char, std::char_traits<char>, std::allocator<char> > const, sound::Clip>, std::allocator<std::pair<std::__cxx11::basic_string<char, std::char_traits<char>, std::allocator<char> > const, sound::Clip> >, std::__detail::_Select1st, std::equal_to<std::__cxx11::basic_string<char, std::char_traits<char>, std::allocator<char> > >, std::hash<std::__cxx11::basic_string<char, std::char_traits<char>, std::allocator<char> > >, std::__detail::_Mod_range_hashing, std::__detail::_Default_ranged_hash, std::__detail::_Prime_rehash_policy, std::__detail::_Hashtable_traits<true, false, true> >::_M_insert_unique_node(unsigned int, unsigned int, std::__detail::_Hash_node<std::pair<std::__cxx11::basic_string<char, std::char_traits<char>, std::allocator<char> > const, sound::Clip>, true>*, unsigned int)
00111348 000001f0 W std::pair<std::__detail::_Node_iterator<std::pair<std::__cxx11::basic_string<char, std::char_traits<char>, std::allocator<char> > const, sound::Clip>, false, true>, bool> std::_Hashtable<std::__cxx11::basic_string<char, std::char_traits<char>, std::allocator<char> >, std::pair<std::__cxx11::basic_string<char, std::char_traits<char>, std::allocator<char> > const, sound::Clip>, std::allocator<std::pair<std::__cxx11::basic_string<char, std::char_traits<char>, std::allocator<char> > const, sound::Clip> >, std::__detail::_Select1st, std::equal_to<std::__cxx11::basic_string<char, std::char_traits<char>, std::allocator<char> > >, std::hash<std::__cxx11::basic_string<char, std::char_traits<char>, std::allocator<char> > >, std::__detail::_Mod_range_hashing, std::__detail::_Default_ranged_hash, std::__detail::_Prime_rehash_policy, std::__detail::_Hashtable_traits<true, false, true> >::_M_emplace_uniq<std::__cxx11::basic_string<char, std::char_traits<char>, std::allocator<char> >&, sound::Clip&>(std::__cxx11::basic_string<char, std::char_traits<char>, std::allocator<char> >&, sound::Clip&)
00111538 0000031c T sound::play_sfx(char const*, int, float, bool)
00111858 00000180 T sound::preload_sfx(char const*, bool)
001119d8 00000038 t _GLOBAL__sub_I__ZN5sound4initEv
00111a10 00000060 t _GLOBAL__sub_D__ZN5sound4initEv
00111a70 0000022c T ui_draw_button(UIButton const&, bool)
00111c9c 000003c8 T ui_dropdown_update(UIDropdown&, InputState const&, bool&)
00112064 000006e0 T ui_dropdown_render(UIDropdown const&)
00112744 0000024c t hw_draw_text_shadow_scaled(int, int, char const*, unsigned long, unsigned long, float)::{lambda(int, int, unsigned long)#1}::operator()(int, int, unsigned long) const [clone .part.0]
00112990 00000018 t __tcf_ZZ6hw_logPKcE8lastLine
001129a8 00000150 t (anonymous namespace)::drawGlyphString(int, int, char const*, unsigned long)
00112af8 00000100 T hw_shutdown()
00112bf8 00000110 T hw_poll_input(InputState&)
00112d08 00000030 T hw_begin_frame()
00112d38 00000008 T hw_end_frame()
00112d40 00000068 T hw_draw_sprite(C2D_Image, float, float, float, float, float)
00112da8 00000004 T hw_draw_text(int, int, char const*, unsigned long)
00112dac 000000c8 T hw_draw_text_shadow_scaled(int, int, char const*, unsigned long, unsigned long, float)
00112e74 00000228 T hw_draw_logs(int, int, int)
0011309c 00000054 T hw_text_width(char const*)
001130f0 00000048 T hw_set_top()
00113138 00000048 T hw_set_bottom()
00113180 00000038 T hw_image(int)
001131b8 000000bc T hw_image_from(HwSheet, int)
00113274 000000a8 W void std::__cxx11::basic_string<char, std::char_traits<char>, std::allocator<char> >::_M_construct<true>(char const*, unsigned int)
0011331c 00000d6c t hw_log(char const*) [clone .part.0]
00114088 0000000c T hw_log(char const*)
00114094 00000284 T hw_init()
00114318 0000001c t _GLOBAL__sub_I__Z7hw_initv
00114334 00000054 t _GLOBAL__sub_D__Z7hw_initv
00114388 00000044 t C2Di_FrameEndHook
001143d0 0000036c T C2D_Init
0011473c 0000004c T C2D_Fini
00114788 000000b8 T C2D_Prepare
00114840 00000048 T C2D_Flush
00114888 00000104 T C2D_SceneSize
0011498c 00000058 T C2D_CreateScreenTarget
001149e4 00000064 T C2D_TargetClear
00114a48 0000013c T C2Di_CalcQuad
00114b84 00000058 T C2Di_AppendQuad
00114bdc 00000550 T C2Di_Update
0011512c 000002b0 T C2D_DrawImage
001153dc 00000158 T C2D_DrawRectangle
00115534 0000007c T C2D_SpriteSheetLoadFromMem
001155b0 00000028 T C2D_SpriteSheetFree
001155d8 0000002c T C2D_SpriteSheetGetImage
00115604 00000028 T AttrInfo_Init
0011562c 00000094 T AttrInfo_AddLoader
001156c0 00000054 T C3D_SetAttrInfo
00115714 00000080 T C3Di_AttrInfoBind
00115794 00000004 W C3Di_LightEnvUpdate
00115798 00000004 W C3Di_LightEnvDirty
0011579c 000000b4 t C3Di_AptEventHook
00115850 00000004 W C3Di_GasUpdate
00115854 000001d0 T C3D_Init
00115a24 00000098 T C3D_SetViewport
00115abc 000004e8 T C3Di_UpdateContext
00115fa4 000000e0 T C3Di_SplitFrame
00116084 00000044 T C3D_Fini
001160c8 00000194 T C3D_BindProgram
0011625c 00000024 T BufInfo_Init
00116280 00000080 T BufInfo_Add
00116300 0000003c T C3D_SetBufInfo
0011633c 00000048 T C3Di_BufInfoBind
00116384 0000021c T C3D_DrawElements
001165a0 00000040 T C3D_DepthMap
001165e0 0000001c T C3D_CullFace
001165fc 00000040 T C3D_StencilTest
0011663c 00000024 T C3D_StencilOp
00116660 0000001c T C3D_BlendingColor
0011667c 00000024 T C3D_EarlyDepthTest
001166a0 0000002c T C3D_DepthTest
001166cc 0000002c T C3D_AlphaTest
001166f8 00000050 T C3D_AlphaBlend
00116748 00000030 T C3D_FragOpMode
00116778 00000044 T C3D_FragOpShadow
001167bc 000001ac T C3Di_EffectBind
00116968 0000001c T C3D_CalcColorBufSize
00116984 0000001c T C3D_CalcDepthBufSize
001169a0 00000044 T C3D_SetFrameBuf
001169e4 0000016c T C3Di_FrameBufBind
00116b50 000000c8 T C3D_FrameBufClear
00116c18 00000044 T C3D_FrameBufTransfer
00116c5c 000000a8 T C3D_ImmSendAttrib
00116d04 00000070 T C3D_ProcTexInit
00116d74 00000054 T C3D_ProcTexBind
00116dc8 0000005c T C3D_ProcTexLutBind
00116e24 000000a4 T ProcTexLut_FromArray
00116ec8 00000178 T C3Di_ProcTexUpdate
00117040 00000068 T C3Di_ProcTexDirty
001170a8 0000004c t onVBlank0
001170f4 0000004c t onVBlank1
00117140 00000080 t C3Di_RenderTargetDestroy
001171c0 000000f4 t onQueueFinish
001172b4 00000038 T C3Di_RenderQueueEnableVBlank
001172ec 00000030 T C3Di_RenderQueueDisableVBlank
0011731c 00000060 T C3Di_RenderQueueInit
0011737c 000000b4 T C3Di_RenderQueueExit
00117430 00000034 T C3Di_RenderQueueWaitDone
00117464 000000e8 T C3D_FrameBegin
0011754c 00000048 T C3D_FrameDrawOn
00117594 00000058 T C3D_FrameSplit
001175ec 000001d0 T C3D_FrameEnd
001177bc 0000001c T C3D_FrameEndHook
001177d8 00000170 T C3D_RenderTargetCreate
00117948 000000a8 T C3D_RenderTargetSetOutput
001179f0 000000fc T C3D_SyncTextureCopy
00117aec 000003d8 t Tex3DSi_ImportCommon
00117ec4 00000034 T Tex3DS_TextureImport
00117ef8 0000001c T Tex3DS_GetSubTexture
00117f14 00000004 T Tex3DS_TextureFree
00117f18 00000034 T C3D_GetTexEnv
00117f4c 00000024 T C3Di_TexEnvBind
00117f70 00000290 T C3D_TexInitWithParams
00118200 000000c8 T C3D_TexLoadImage
001182c8 00000044 T C3D_TexBind
0011830c 00000074 T C3D_TexDelete
00118380 0000014c T C3Di_SetTex
001184cc 00000290 T C3D_UpdateUniforms
0011875c 000000c0 T C3Di_DirtyUniforms
0011881c 000000d8 T C3Di_LoadShaderUniforms
001188f4 00000028 T C3Di_ClearShaderUniforms
0011891c 000000cc T Mtx_Ortho
001189e8 000000cc T Mtx_OrthoTilt
00118ab4 00000024 t addrMapNodeComparator(rbtree_node const*, rbtree_node const*)
00118ad8 00000004 t addrMapNodeDestructor(rbtree_node*)
00118adc 0000012c T linearMemAlign
00118c08 00000008 T linearAlloc
00118c10 0000005c T linearFree
00118c6c 00000088 T MemPool::CoalesceRight(MemBlock*)
00118cf4 00000178 T MemPool::Allocate(MemChunk&, unsigned long, int)
00118e6c 00000118 T MemPool::Deallocate(MemChunk const&)
00118f84 00000030 T MemPool::GetFreeSpace()
00118fb4 00000024 t addrMapNodeComparator(rbtree_node const*, rbtree_node const*)
00118fd8 00000004 t addrMapNodeDestructor(rbtree_node*)
00118fdc 00000248 T vramMemAlignAt
00119224 0000000c T vramAlloc
00119230 0000000c T vramAllocAt
0011923c 00000094 T vramFree
001192d0 000000cc t gfxPresentFramebuffer
0011939c 0000001c T gfxIsWide
001193b8 000000f8 T gfxSetScreenFormat
001194b0 000000d8 T gfxInit
00119588 00000010 T gfxInitDefault
00119598 000000b8 T gfxExit
00119650 000000a0 T gfxGetFramebuffer
001196f0 00000028 T gfxScreenSwapBuffers
00119718 00000074 T osConvertVirtToPhys
0011978c 00000054 T osGetTimeRef
001197e0 000000ec T osGetTime
001198cc 00000034 T __ctru_speedup_config
00119900 00000008 t romfs_close
00119908 000000ac t romfs_seek
001199b4 00000024 t romfs_dirreset
001199d8 000000c0 t fill_dir
00119a98 000002ac t romfs_dirnext
00119d44 00000074 t romfs_free
00119db8 000000d0 t searchForFile.constprop.0
00119e88 000000d4 t searchForDir.constprop.0
00119f5c 000001c0 t navigateToDir.constprop.0
0011a11c 00000114 t romfs_open
0011a230 0000004c t romfs_chdir
0011a27c 00000068 t romfs_diropen
0011a2e4 00000178 t romfs_stat
0011a45c 00000008 t romfs_dirclose
0011a468 0000007c t romfs_fstat
0011a4e4 000000d0 t romfs_read
0011a5b4 0000028c T romfsMountFromFile
0011a840 00000098 T romfsMountFromCurrentProcess
0011a8d8 00000258 T romfsMountSelf
0011ab30 000000a0 T romfsUnmount
0011abd0 0000013c T GPUCMD_Add
0011ad0c 000000b0 T GPUCMD_Split
0011adbc 00000034 T f32tof16
0011adf0 00000034 T f32tof24
0011ae24 00000038 T f32tof31
0011ae5c 00000010 T GX_BindQueue
0011ae6c 0000007c T GX_ProcessCommandList
0011aee8 00000074 T GX_MemoryFill
0011af5c 00000074 T GX_DisplayTransfer
0011afd0 00000078 T GX_TextureCopy
0011b048 00000064 t gxCmdQueueDoCommands.part.0
0011b0ac 000000e4 T gxCmdQueueInterrupt
0011b190 00000068 T gxCmdQueueClear
0011b1f8 00000108 T gxCmdQueueAdd
0011b300 00000080 T gxCmdQueueRun
0011b380 00000064 T gxCmdQueueStop
0011b3e4 0000008c T gxCmdQueueWait
0011b470 000001e0 T shaderInstanceInit
0011b650 00000018 T shaderInstanceGetUniformLocation
0011b668 0000001c T shaderProgramInit
0011b684 00000074 T shaderProgramFree
0011b6f8 00000094 T shaderProgramSetVsh
0011b78c 000008d0 T shaderProgramConfigure
0011c05c 000001dc t DVLE_GenerateOutmap.part.0
0011c238 000001ac T DVLB_ParseFile
0011c3e4 00000050 T DVLB_Free
0011c434 00000074 T DVLE_GetUniformRegister
0011c4a8 00000158 t ndspUpdateMaster
0011c600 00000108 t ndspFinalize
0011c708 00000254 t ndspInitialize.part.0
0011c95c 00000108 t ndspHookCallback
0011ca68 00000318 t ndspThreadMain
0011cd80 000003f0 T ndspInit
0011d170 000000d8 T ndspExit
0011d248 0000003c T ndspSetMasterVol
0011d284 00000034 T ndspSetOutputMode
0011d2b8 000000e0 T ndspChnReset
0011d398 00000018 T ndspChnSetFormat
0011d3b0 00000050 T ndspChnSetInterp
0011d400 00000060 T ndspChnSetRate
0011d460 00000080 T ndspChnSetMix
0011d4e0 000000b0 T ndspChnWaveBufClear
0011d590 000000c8 T ndspChnWaveBufAdd
0011d658 00000040 T ndspiInitChn
0011d698 0000002c T ndspiDirtyChn
0011d6c4 0000043c T ndspiUpdateChn
0011db00 00000180 T ndspiReadChnState
0011dc80 00000180 t aptConvertScreenForCapture
0011de00 00000138 T aptSendCommand
0011df38 00000044 t aptExitProcess
0011df7c 00000394 T aptExit
0011e310 000000d8 T aptHandleSleep
0011e3e8 00000034 T aptHook
0011e41c 00000030 T aptUnhook
0011e44c 0000001c T aptSetMessageCallback
0011e468 00000084 T APT_SleepIfShellClosed
0011e4ec 00000078 T aptSetSleepAllowed
0011e564 00000084 T APT_UnlockTransition
0011e5e8 00000470 t aptEventHandler
0011ea58 000000bc T APT_ReceiveParameter
0011eb14 000000b0 t aptReceiveParameter.constprop.0
0011ebc8 00000294 t aptScreenTransfer
0011ee5c 000002d0 t aptWaitForWakeUp.isra.0
0011f12c 00000114 T aptLaunchLibraryApplet
0011f240 000000f4 T aptJumpToHomeMenu
0011f334 00000058 T aptMainLoop
0011f38c 00000240 T aptInit
0011f5cc 0000005c T APT_SendParameter
0011f628 00000090 T APT_CheckNew3DS
0011f6b8 000000a8 T cfguInit
0011f760 0000003c T cfguExit
0011f79c 0000004c T CFGU_GetConfigInfoBlk2
0011f7e8 000000a4 t DSP_LoadComponent.part.0
0011f88c 000000fc T dspInit
0011f988 0000008c T dspExit
0011fa14 00000024 T dspHook
0011fa38 00000030 T dspUnhook
0011fa68 000000b4 T aptDspSleep
0011fb1c 000000b4 T aptDspWakeup
0011fbd0 00000044 T aptDspCancel
0011fc14 00000050 T DSP_FlushDataCache
0011fc64 00000034 T DSP_SetSemaphore
0011fc98 00000034 T DSP_SetSemaphoreMask
0011fccc 00000038 T DSP_GetSemaphoreHandle
0011fd04 0000003c T DSP_LoadComponent
0011fd40 00000044 T DSP_RegisterInterruptEvents
0011fd84 00000078 T DSP_ReadPipeIfPossible
0011fdfc 0000004c T DSP_WriteProcessPipe
0011fe48 00000044 T DSP_ConvertProcessAddressFromDspDram
0011fe8c 00000044 T DSP_RecvData
0011fed0 00000050 T DSP_RecvDataIsReady
0011ff20 00000104 T fsInit
00120024 0000003c T fsExit
00120060 00000068 T fsExemptFromSession
001200c8 00000050 T fsUnexemptFromSession
00120118 000000cc T FSUSER_OpenFile
001201e4 000000cc T FSUSER_OpenFileDirectly
001202b0 000000b8 T FSUSER_DeleteFile
00120368 000000f4 T FSUSER_RenameFile
0012045c 000000b8 T FSUSER_DeleteDirectory
00120514 000000d0 T FSUSER_CreateFile
001205e4 000000c0 T FSUSER_CreateDirectory
001206a4 000000f4 T FSUSER_RenameDirectory
00120798 000000b4 T FSUSER_OpenDirectory
0012084c 00000090 T FSUSER_OpenArchive
001208dc 0000008c T FSUSER_CloseArchive
00120968 00000074 T FSUSER_GetSdmcArchiveResource
001209dc 00000064 T FSUSER_IsSdmcWritable
00120a40 00000064 T FSFILE_Read
00120aa4 0000006c T FSFILE_Write
00120b10 00000044 T FSFILE_GetSize
00120b54 00000028 T FSFILE_SetSize
00120b7c 0000003c T FSFILE_Close
00120bb8 00000024 T FSFILE_Flush
00120bdc 00000060 T FSDIR_Read
00120c3c 0000003c T FSDIR_Close
00120c78 00000c70 t gspHardwareInit
001218e8 00000280 T gspInit
00121b68 00000110 T gspExit
00121c78 00000010 T gspHasGpuRight
00121c88 000000a4 T gspPresentBuffer
00121d2c 00000030 T gspSetEventCallback
00121d5c 00000050 T gspWaitForEvent
00121dac 0000004c T gspWaitForAnyEvent
00121df8 00000154 t gspEventThreadMain
00121f4c 0000012c T gspSubmitGxCommand
00122078 00000050 T GSPGPU_FlushDataCache
001220c8 00000034 T GSPGPU_SetLcdForceBlack
001220fc 00000080 T GSPGPU_AcquireRight
0012217c 0000005c T GSPGPU_ReleaseRight
001221d8 0000007c T GSPGPU_ImportDisplayCaptureInfo
00122254 0000002c T GSPGPU_SaveVramSysArea
00122280 0000002c T GSPGPU_RestoreVramSysArea
001222ac 00000024 W hidShouldUseIrrst
001222d0 000001cc T hidInit
0012249c 000000e8 T hidExit
00122584 000002a0 T hidScanInput
00122824 00000010 T hidKeysHeld
00122834 00000010 T hidKeysDown
00122844 00000018 T hidTouchRead
0012285c 000001a4 T irrstInit
00122a00 000000dc T irrstExit
00122adc 000000b4 T irrstScanInput
00122b90 00000024 T irrstKeysHeld
00122bb4 00000078 T ptmSysmInit
00122c2c 0000003c T ptmSysmExit
00122c68 00000034 T PTMSYSM_ConfigureNew3DSCPU
00122c9c 00000190 t swkbdMessageCallback
00122e2c 00000084 T swkbdInit
00122eb0 00000064 T swkbdSetHintText
00122f14 00000008 T swkbdSetInitialText
00122f1c 000003a8 T swkbdInputText
001232c4 000000e0 t buffer_read
001233a4 000000cc t iov_read
00123470 00000164 t iov_memmove
001235d4 000001e0 t decompress_rle
001237b4 00000264 t decompress_lzss
00123a18 00000418 t decompress_lz11
00123e30 0000031c t decompress_huff.isra.0
0012414c 000000e4 T decompressHeader
00124230 0000021c T decompressV
0012444c 00000074 T rbtree_find
001244c0 00000010 T rbtree_init
001244d0 00000198 t do_insert
00124668 00000008 T rbtree_insert
00124670 00000310 T rbtree_remove
00124980 00000090 T rbtree_rotate
00124a10 000000e8 T utf16_to_utf8
00124af8 000000c0 T utf8_to_utf16
00124bb8 000001e8 W __system_allocateHeaps
00124da0 00000038 W __libctru_init
00124dd8 0000016c W __system_initArgv
00124f44 00000030 T __syscall_getreent
00124f74 00000064 T __syscall_gettod_r
00124fd8 00000004 T __syscall_lock_acquire
00124fdc 00000004 T __syscall_lock_release
00124fe0 00000004 T __syscall_lock_acquire_recursive
00124fe4 00000004 T __syscall_lock_release_recursive
00124fe8 00000004 T __syscall_exit
00124fec 00000054 T initThreadVars
00125040 00000080 T __system_initSyscalls
001250c0 T svcControlMemory
001250e0 T svcQueryMemory
00125110 T svcExitProcess
00125118 T svcCreateThread
00125138 T svcExitThread
00125140 T svcSleepThread
00125148 T svcReleaseMutex
00125150 T svcCreateEvent
00125164 T svcSignalEvent
0012516c T svcClearEvent
00125174 T svcCreateMemoryBlock
0012518c T svcMapMemoryBlock
00125194 T svcUnmapMemoryBlock
0012519c T svcCreateAddressArbiter
001251b0 T svcArbitrateAddressNoTimeout
001251b8 T svcCloseHandle
001251c0 T svcWaitSynchronization
001251c8 T svcWaitSynchronizationN
001251f0 T svcDuplicateHandle
00125204 T svcGetSystemTick
0012520c T svcConnectToPort
00125220 T svcSendSyncRequest
00125228 T svcGetResourceLimit
0012523c T svcGetResourceLimitLimitValues
00125244 T svcGetResourceLimitCurrentValues
0012524c T svcBreak
00125254 T svcOutputDebugString
0012525c T __aeabi_read_tp
00125268 W initSystem
001252b8 W __ctru_exit
001252cc 0000008c W envGetHandle
00125358 00000050 W envDestroyHandles
001253a8 00000164 T srvInit
0012550c 00000064 T srvExit
00125570 00000060 T srvEnableNotification
001255d0 000000a0 T srvGetServiceHandleDirect
00125670 00000048 T srvGetServiceHandle
001256b8 00000034 T srvSubscribe
001256ec 00000060 T srvReceiveNotification
0012574c 00000038 T srvPublishToSubscriber
00125784 0000000c T __sync_init
00125790 00000018 T __sync_fini
001257a8 00000028 T syncArbitrateAddress
001257d0 0000001c T LightLock_Init
001257ec 000000ac T LightLock_Lock
00125898 00000040 T LightLock_Unlock
001258d8 00000054 T RecursiveLock_Lock
0012592c 00000054 T RecursiveLock_Unlock
00125980 00000044 T LightEvent_Init
001259c4 000000b8 T LightEvent_Clear
00125a7c 000000dc T LightEvent_Signal
00125b58 00000050 T LightEvent_TryWait
00125ba8 000000ac T LightEvent_Wait
00125c54 000001fc T threadCreate
00125e50 00000038 T threadFree
00125e88 00000024 T threadJoin
00125eac 00000030 T threadGetCurrent
00125edc 00000040 T threadExit
00125f1c 00000020 t _thread_begin
00125f3c 00000090 t mappableFindAddressWithin
00125fcc 00000028 T mappableInit
00125ff4 0000007c T mappableAlloc
00126070 00000004 T mappableFree
00126074 0000000c T srvPmGetSessionHandle
00126080 00000060 T rbtree_node_next
001260e0 00000054 T decode_utf16
00126134 00000140 T decode_utf8
00126274 00000054 T encode_utf16
001262c8 000000e0 T encode_utf8
001263a8 00000030 W __appExit
001263d8 00000030 W __appInit
00126408 00000090 W __libctru_exit
00126498 00000014 t archive_link
001264ac 00000014 t archive_dirreset
001264c0 00000014 t archive_chmod
001264d4 00000024 t error_cmp
001264f8 00000050 t archive_translate_error
00126548 000000c0 t archive_seek
00126608 00000078 t _archiveInit.part.0
00126680 000000d4 t archiveFindDevice.part.0
00126754 00000298 t archive_utf16path
001269ec 00000098 t _archiveUnmountDeviceStruct.part.0
00126a84 00000014 t archive_statvfs
00126a98 00000014 t archive_fchmod
00126aac 00000178 t _archiveMountDevice
00126c24 000000f8 t archive_diropen
00126d1c 000000ac t archive_fstat
00126dc8 00000074 t archive_fsync
00126e3c 00000074 t archive_close
00126eb0 00000078 t archive_dirclose
00126f28 000000ec t sdmc_statvfs
00127014 000000f8 t archive_chdir
0012710c 0000008c t archive_ftruncate
00127198 000000bc t archive_read
00127254 000000a8 t archive_unlink
001272fc 000000c0 t archive_rmdir
001273bc 000000d8 t archive_mkdir
00127494 000001a0 t archive_stat
00127634 00000164 t archive_dirnext
00127798 0000013c t archive_write
001278d8 00000254 t archive_open
00127b2c 00000270 t archive_rename
00127d9c 000001c8 T archiveMountSdmc
00127f64 00000054 T archiveUnmountAll
00127fb8 00000004 T operator delete(void*)
00127fbc 0000000c W __gnu_cxx::__concurrence_lock_error::what() const
00127fc8 0000000c W __gnu_cxx::__concurrence_unlock_error::what() const
00127fd4 0000000c W __gnu_cxx::__concurrence_broadcast_error::what() const
00127fe0 0000000c W __gnu_cxx::__concurrence_wait_error::what() const
00127ff0 00000038 t (anonymous namespace)::init()
00128028 00000024 t (anonymous namespace)::init_static_cond()
0012804c 00000020 W __gnu_cxx::__concurrence_lock_error::~__concurrence_lock_error()
0012804c 00000020 W __gnu_cxx::__concurrence_lock_error::~__concurrence_lock_error()
0012806c 0000002c W __gnu_cxx::__concurrence_lock_error::~__concurrence_lock_error()
00128098 00000020 W __gnu_cxx::__concurrence_wait_error::~__concurrence_wait_error()
00128098 00000020 W __gnu_cxx::__concurrence_wait_error::~__concurrence_wait_error()
001280b8 0000002c W __gnu_cxx::__concurrence_wait_error::~__concurrence_wait_error()
001280e4 00000020 W __gnu_cxx::__concurrence_unlock_error::~__concurrence_unlock_error()
001280e4 00000020 W __gnu_cxx::__concurrence_unlock_error::~__concurrence_unlock_error()
00128104 0000002c W __gnu_cxx::__concurrence_unlock_error::~__concurrence_unlock_error()
00128130 00000020 W __gnu_cxx::__concurrence_broadcast_error::~__concurrence_broadcast_error()
00128130 00000020 W __gnu_cxx::__concurrence_broadcast_error::~__concurrence_broadcast_error()
00128150 0000002c W __gnu_cxx::__concurrence_broadcast_error::~__concurrence_broadcast_error()
0012817c 0000002c W __gnu_cxx::__throw_concurrence_lock_error()
001281a8 0000002c W __gnu_cxx::__throw_concurrence_unlock_error()
001281d4 0000002c W __gnu_cxx::__throw_concurrence_broadcast_error()
00128200 000001b0 T __cxa_guard_acquire
001283b0 000000f0 T __cxa_guard_release
001284a0 00000020 T __gnu_cxx::recursive_init_error::~recursive_init_error()
001284a0 00000020 T __gnu_cxx::recursive_init_error::~recursive_init_error()
001284c0 0000002c T __gnu_cxx::recursive_init_error::~recursive_init_error()
001284ec 00000010 T __gnu_cxx::recursive_init_error::recursive_init_error()
001284ec 00000010 T __gnu_cxx::recursive_init_error::recursive_init_error()
001284fc 000000ac T std::_Hash_bytes(void const*, unsigned int, unsigned int)
001285a8 0000005c T operator new(unsigned int)
00128604 00000020 T __cxxabiv1::__si_class_type_info::~__si_class_type_info()
00128604 00000020 T __cxxabiv1::__si_class_type_info::~__si_class_type_info()
00128624 0000002c T __cxxabiv1::__si_class_type_info::~__si_class_type_info()
00128650 00000140 T __cxxabiv1::__si_class_type_info::__do_dyncast(int, __cxxabiv1::__class_type_info::__sub_kind, __cxxabiv1::__class_type_info const*, void const*, __cxxabiv1::__class_type_info const*, void const*, __cxxabiv1::__class_type_info::__dyncast_result&) const
00128790 00000088 T __cxxabiv1::__si_class_type_info::__do_find_public_src(int, void const*, __cxxabiv1::__class_type_info const*, void const*) const
00128818 00000044 T __cxxabiv1::__si_class_type_info::__do_upcast(__cxxabiv1::__class_type_info const*, void const*, __cxxabiv1::__class_type_info::__upcast_result&) const
0012885c 00000004 T std::type_info::~type_info()
0012885c 00000004 T std::type_info::~type_info()
00128860 00000008 T std::type_info::__is_pointer_p() const
00128860 00000008 T std::type_info::__is_function_p() const
00128868 0000002c T std::__throw_bad_alloc()
00128894 0000002c T std::__throw_bad_array_new_length()
001288c0 00000040 T std::__throw_logic_error(char const*)
00128900 00000040 T std::__throw_length_error(char const*)
00128940 00000040 T std::__throw_out_of_range(char const*)
00128980 00000010 T std::__throw_out_of_range_fmt(char const*, ...)
00128990 00000104 T std::__detail::_Prime_rehash_policy::_M_next_bkt(unsigned int) const
00128a98 000000f0 T std::__detail::_Prime_rehash_policy::_M_need_rehash(unsigned int, unsigned int, unsigned int) const
00128b88 00000054 W std::__cxx11::basic_string<char, std::char_traits<char>, std::allocator<char> >::_M_create(unsigned int&, unsigned int)
00128bdc 00000014 W std::__cxx11::basic_string<char, std::char_traits<char>, std::allocator<char> >::_M_dispose()
00128bf0 000000c8 W std::__cxx11::basic_string<char, std::char_traits<char>, std::allocator<char> >::_M_assign(std::__cxx11::basic_string<char, std::char_traits<char>, std::allocator<char> > const&)
00128cb8 00000104 W std::__cxx11::basic_string<char, std::char_traits<char>, std::allocator<char> >::_M_mutate(unsigned int, unsigned int, char const*, unsigned int)
00128dbc 00000098 W std::__cxx11::basic_string<char, std::char_traits<char>, std::allocator<char> >::reserve(unsigned int)
00128e54 00000110 W std::__cxx11::basic_string<char, std::char_traits<char>, std::allocator<char> >::_M_replace_aux(unsigned int, unsigned int, unsigned int, char)
00128f64 00000044 W std::__cxx11::basic_string<char, std::char_traits<char>, std::allocator<char> >::resize(unsigned int, char)
00128fa8 00000140 W std::__cxx11::basic_string<char, std::char_traits<char>, std::allocator<char> >::_M_replace_cold(char*, unsigned int, char const*, unsigned int, unsigned int)
001290e8 00000130 W std::__cxx11::basic_string<char, std::char_traits<char>, std::allocator<char> >::_M_replace(unsigned int, unsigned int, char const*, unsigned int)
00129218 00000090 W std::__cxx11::basic_string<char, std::char_traits<char>, std::allocator<char> >::_M_append(char const*, unsigned int)
001292a8 00000194 W std::__cxx11::basic_string<char, std::char_traits<char>, std::allocator<char> >::swap(std::__cxx11::basic_string<char, std::char_traits<char>, std::allocator<char> >&)
0012943c 0000000c T std::bad_alloc::what() const
00129448 00000020 T std::bad_alloc::~bad_alloc()
00129448 00000020 T std::bad_alloc::~bad_alloc()
00129468 0000002c T std::bad_alloc::~bad_alloc()
00129494 0000000c T std::bad_array_new_length::what() const
001294a0 00000020 T std::bad_array_new_length::~bad_array_new_length()
001294a0 00000020 T std::bad_array_new_length::~bad_array_new_length()
001294c0 0000002c T std::bad_array_new_length::~bad_array_new_length()
001294ec 0000005c T __cxxabiv1::__class_type_info::__do_upcast(__cxxabiv1::__class_type_info const*, void**) const
00129548 00000014 T __cxxabiv1::__class_type_info::__do_find_public_src(int, void const*, __cxxabiv1::__class_type_info const*, void const*) const
0012955c 00000020 T __cxxabiv1::__class_type_info::~__class_type_info()
0012955c 00000020 T __cxxabiv1::__class_type_info::~__class_type_info()
0012957c 0000002c T __cxxabiv1::__class_type_info::~__class_type_info()
001295a8 00000070 T __cxxabiv1::__class_type_info::__do_upcast(__cxxabiv1::__class_type_info const*, void const*, __cxxabiv1::__class_type_info::__upcast_result&) const
00129618 00000090 T __cxxabiv1::__class_type_info::__do_catch(std::type_info const*, void**, unsigned int) const
001296a8 000000f8 T __cxxabiv1::__class_type_info::__do_dyncast(int, __cxxabiv1::__class_type_info::__sub_kind, __cxxabiv1::__class_type_info const*, void const*, __cxxabiv1::__class_type_info const*, void const*, __cxxabiv1::__class_type_info::__dyncast_result&) const
001297a0 00000004 T operator delete(void*, unsigned int)
001297a4 0000012c t (anonymous namespace)::pool::free(void*) [clone .constprop.0]
001298d0 000000f0 t (anonymous namespace)::pool::allocate(unsigned int) [clone .constprop.0]
001299c0 00000044 T __cxa_allocate_exception
00129a04 00000028 T __cxa_free_exception
00129a2c 000001a4 t _GLOBAL__sub_I__ZN9__gnu_cxx9__freeresEv
00129bd0 T __cxa_end_cleanup
00129be0 00000138 T __cxa_type_match
00129d18 000000b4 T __cxa_begin_cleanup
00129dcc 000000b4 T __gnu_end_cleanup
00129e80 000000e0 T __cxa_begin_catch
00129f60 000000e0 T __cxa_end_catch
0012a040 00000004 T std::exception::~exception()
0012a040 00000004 T std::exception::~exception()
0012a044 00000004 T std::bad_exception::~bad_exception()
0012a044 00000004 T std::bad_exception::~bad_exception()
0012a048 0000000c T transaction clone for std::exception::what() const
0012a048 0000000c T std::exception::what() const
0012a054 0000000c T transaction clone for std::bad_exception::what() const
0012a054 0000000c T std::bad_exception::what() const
0012a060 00000020 T std::bad_exception::~bad_exception()
0012a080 00000038 t eh_globals_dtor(void*)
0012a0b8 00000038 T __cxa_get_globals_fast
0012a0f0 00000090 T __cxa_get_globals
0012a180 00000040 t _GLOBAL__sub_I__ZN17__eh_globals_init7_S_initE
0012a1c0 00000034 t _GLOBAL__sub_D__ZN17__eh_globals_init7_S_initE
0012a1f4 00000150 t read_encoded_value_with_base(unsigned char, unsigned int, unsigned char const*, unsigned int*)
0012a344 0000005c t base_of_encoded_value(unsigned char, _Unwind_Context*)
0012a3a0 000000f0 t parse_lsda_header(_Unwind_Context*, unsigned char const*, lsda_header_info*)
0012a490 000006c8 T __gxx_personality_v0
0012ab58 00000014 T __cxxabiv1::__terminate(void (*)())
0012ab6c 00000018 T std::terminate()
0012ab84 0000000c T __cxxabiv1::__unexpected(void (*)())
0012ab90 00000018 T std::unexpected()
0012aba8 00000014 T std::get_terminate()
0012abbc 00000014 T std::get_unexpected()
0012abd0 00000070 t __gxx_exception_cleanup(_Unwind_Reason_Code, _Unwind_Control_Block*)
0012ac40 00000054 T __cxa_init_primary_exception
0012ac94 00000054 T __cxa_throw
0012ace8 000000b0 T __cxa_rethrow
0012ad98 00000014 T std::get_new_handler()
0012adac 00000008 T std::logic_error::what() const
0012adac 00000008 T std::runtime_error::what() const
0012adb4 00000098 T std::logic_error::~logic_error()
0012adb4 00000098 T std::logic_error::~logic_error()
0012ae4c 00000098 T std::length_error::~length_error()
0012ae4c 00000098 T std::length_error::~length_error()
0012aee4 00000098 T std::out_of_range::~out_of_range()
0012aee4 00000098 T std::out_of_range::~out_of_range()
0012af7c 000000a0 T std::logic_error::~logic_error()
0012b01c 000000a0 T std::length_error::~length_error()
0012b0bc 000000a0 T std::out_of_range::~out_of_range()
0012b15c 000000d8 T std::logic_error::logic_error(char const*)
0012b15c 000000d8 T std::logic_error::logic_error(char const*)
0012b234 00000020 T std::length_error::length_error(char const*)
0012b234 00000020 T std::length_error::length_error(char const*)
0012b254 00000020 T std::out_of_range::out_of_range(char const*)
0012b254 00000020 T std::out_of_range::out_of_range(char const*)
0012b274 00000088 W std::string::_Rep::_S_create(unsigned int, unsigned int, std::allocator<char> const&)
0012b2fc 00000004 W std::string::_Rep::_M_destroy(std::allocator<char> const&)
0012b300 00000070 t __cxxabiv1::__is_gxx_exception_class(char*)
0012b370 0000002c T __cxa_call_terminate
0012b39c 00000148 T __cxa_call_unexpected
0012b4e8 00000264 T sinf
0012b74c 000000c4 T round
0012b810 00000024 t with_errnof
0012b834 0000001c T __math_invalidf
0012b850 000000c0 T ceilf
0012b910 00000144 T floor
0012ba58 0000025c T cosf
0012bcb4 0000002c T __aeabi_d2lz
0012bcb4 0000002c T __fixdfdi
0012bce0 00000040 T __aeabi_d2ulz
0012bce0 00000040 T __fixunsdfdi
0012bd20 00000130 T __udivmoddi4
0012be50 00000018 t selfrel_offset31
0012be68 00000090 t search_EIT_table
0012bef8 00000040 t __gnu_unwind_get_pr_addr
0012bf38 00000110 t get_eit_entry
0012c048 00000088 t restore_non_core_regs
0012c0d0 00000014 t _Unwind_decode_typeinfo_ptr.constprop.0
0012c0e4 00000004 t _Unwind_DebugHook
0012c0e8 00000064 t unwind_phase2
0012c14c 0000013c t unwind_phase2_forced
0012c288 000000a4 T __gnu_Unwind_RaiseException
0012c32c 00000020 T __gnu_Unwind_ForcedUnwind
0012c34c 00000074 T __gnu_Unwind_Resume
0012c3c0 00000020 T __gnu_Unwind_Resume_or_Rethrow
0012c3e0 00000004 T _Unwind_Complete
0012c3e4 00000018 T _Unwind_DeleteException
0012c3fc 00000064 T _Unwind_VRS_Get
0012c460 0000002c t _Unwind_GetGR
0012c48c 00000064 T _Unwind_VRS_Set
0012c4f0 0000002c t _Unwind_SetGR
0012c51c 000000c0 T __gnu_Unwind_Backtrace
0012c5dc 0000040c t __gnu_unwind_pr_common
0012c9e8 00000008 T __aeabi_unwind_cpp_pr0
0012c9f0 00000008 W __aeabi_unwind_cpp_pr1
0012c9f8 00000008 W __aeabi_unwind_cpp_pr2
0012ca00 00000458 T _Unwind_VRS_Pop
0012ce58 00000064 t next_unwind_byte
0012cebc 0000002c t _Unwind_GetGR.constprop.0
0012cee8 00000004 t unwind_UCB_from_context
0012ceec 00000464 T __gnu_unwind_execute
0012d350 00000048 T __gnu_unwind_frame
0012d398 00000010 T _Unwind_GetRegionStart
0012d3a8 0000001c T _Unwind_GetLanguageSpecificData
0012d3c4 00000008 T _Unwind_GetDataRelBase
0012d3cc 00000008 T _Unwind_GetTextRelBase
0012d3d4 000000d8 T strncmp
0012d4ac 00000140 T strchr
0012d5ec 00000024 T getenv
0012d610 0000016c T memmove
0012d77c 00000144 T _fclose_r
0012d8c0 00000020 T fclose
0012d8e0 000000c0 T _fputs_r
0012d9a0 00000028 T fputs
0012d9c8 0000003c T fprintf
0012da04 00000028 T stat
0012da2c 00000104 T _fwrite_r
0012db30 00000038 T fwrite
0012db68 0000008c T strlen
0012dbf4 0000003c T fscanf
0012dc30 000000d8 T memcmp
0012dd08 0000001c t stdio_exit_handler
0012dd24 0000005c t cleanup_stdio
0012dd80 00000154 t global_stdio_init.part.0
0012ded4 00000138 T __sfp
0012e00c 0000005c T __sinit
0012e068 0000000c T __sfp_lock_acquire
0012e074 0000000c T __sfp_lock_release
0012e080 000001ec t _strtoul_l.isra.0
0012e26c 00000038 T _strtoul_r
0012e2a4 0000003c T strtoul
0012e2e0 00000084 T __libc_init_array
0012e364 0000009c T strncat
0012e400 00000070 T _fwalk_sglue
0012e470 00000078 T bsearch
0012e4e8 0000000c T __errno
0012e4f4 00000028 T calloc
0012e51c 00000014 T abort
0012e530 000005e0 t get_arg
0012eb10 00003554 T _vfprintf_r
00132064 000000b4 t __sbprintf
00132118 000000d8 T _calloc_r
001321f0 000000d8 T fgetc
001322c8 0000001c T _fseek_r
001322e4 00000034 T fseek
00132318 00000028 T memalign
00132340 0000082c T _malloc_r
00132b6c 000000e8 T memchr
00132c54 000001c0 t quorem
00132e18 000013f0 T _dtoa_r
00134208 000000a0 T _wcrtomb_r
001342a8 00000114 T _malloc_trim_r
001343bc 00000314 T _free_r
001346d0 000000a0 T snprintf
00134770 000005e0 t get_arg
00134d50 0000345c T _svfprintf_r
001381ac 00000018 T isspace
001381c4 0000003c T strnlen
00138200 00000040 T malloc
00138240 00000020 T free
00138260 0000022c T __sflush_r
0013848c 000000c4 T _fflush_r
00138550 00000048 T time
00138598 000000dc T _findenv_r
00138674 000000e4 T memset
00138758 00000050 t get_arg
001387a8 00002bc4 T __svfscanf_r
0013b36c 00000040 T _vfscanf_r
0013b3ac 00000334 T _fread_r
0013b6e0 00000038 T fread
0013b718 0000000c T __malloc_lock
0013b724 0000000c T __malloc_unlock
0013b730 000000b8 T fputc
0013b7e8 00000030 T exit
0013b818 00000134 T _fopen_r
0013b94c 00000028 T fopen
0013b974 00000014 T atexit
0013b988 00000068 T __srget_r
0013b9f0 000000d4 T strncpy
0013bac4 00000034 T ftell
0013baf8 0000001c T toupper
0013bb14 00000264 t _strtoull_l.isra.0
0013bd78 00000038 T _strtoull_r
0013bdb0 0000012c T memcpy
0013bedc 00000028 T _wcsrtombs_r
0013bf04 000000c4 T _mbrtowc_r
0013bfc8 00000140 T __swsetup_r
0013c108 0000000c T nanf
0013c118 00000088 T frexp
0013c1a0 000004a4 T __sfvwrite_r
0013c644 00000044 T __sread
0013c688 00000068 T __swrite
0013c6f0 00000040 T __sseek
0013c730 00000008 T __sclose
0013c738 0000009c T _raise_r
0013c7d4 00000020 T raise
0013c7f4 0000000c T __env_lock
0013c800 0000000c T __env_unlock
0013c80c 0000005c T __assert_func
0013c868 00000088 T _Balloc
0013c8f0 0000001c T _Bfree
0013c90c 000000f4 T __multadd
0013ca00 0000010c T __s2b
0013cb0c 00000080 T __hi0bits
0013cb8c 000000f0 T __lo0bits
0013cc7c 000000a4 T __i2b
0013cd20 00000230 T __multiply
0013cf50 00000130 T __pow5mult
0013d080 00000138 T __lshift
0013d1b8 00000058 T __mcmp
0013d210 00000218 T __mdiff
0013d428 00000068 T __ulp
0013d490 000000d4 T __b2d
0013d564 00000120 T __d2b
0013d684 00000078 T __ratio
0013d6fc 0000008c T __copybits
0013d788 0000005c T __any_on
0013d7e4 0000047c t _strtoll_l.isra.0
0013dc60 00000038 T _strtoll_r
0013dc98 00000024 T __locale_mb_cur_max
0013dcbc 000000b8 T __submore
0013dd74 00000230 T _ungetc_r
0013dfa4 00000060 t sulp
0013e008 00001428 T _strtod_l
0013f430 00000044 T _strtod_r
0013f474 000000a4 T __ssprint_r
0013f518 0000003c T fiprintf
0013f554 0000016c T _memalign_r
0013f6c0 0000015c T _wcsnrtombs_l
0013f81c 00000064 T _wcsnrtombs_r
0013f880 000000f4 t rshift
0013f974 000008b4 T __gethex
00140228 00000068 T sprintf
00140290 000000fc T _putc_r
0014038c 00000340 T __utf8_mbtowc
001406cc 00000588 T _fseeko_r
00140c54 00000030 T __sprint_r
00140c84 00000008 T iswspace
00140c8c 00000024 T _localeconv_r
00140cb0 00000028 T realloc
00140cd8 000000b8 T __sflags
00140d90 00000384 t _strtol_l.part.0
00141114 0000006c T _strtol_r
00141180 000000f8 T __sccl
00141278 000000bc T __register_exitproc
00141334 00000038 t lflush
0014136c 000001a8 T __srefill_r
00141514 00000164 T __smakebuf_r
00141678 000000dc T stpncpy
00141754 000004f0 T _realloc_r
00141c44 0000012c T __ssputs_r
00141d70 000001c4 T _ftello_r
00141f34 000000f8 T __utf8_wctomb
0014202c 00000070 T __match
0014209c 000002a8 T __hexnan
00142348 00000010 T nan
00142358 00000038 T iswspace_l
00142390 000005e0 t get_arg
00142970 000022f8 T _vfiprintf_r
00144c68 000000b4 t __sbprintf
00144d1c 00000124 T __swbuf_r
00144e40 00000134 T __call_exitprocs
00144f74 00000090 T category
00145004 00000020 T _exit
00145024 00000140 T chdir
00145164 000001c8 T _concatenate_path
0014532c 00000070 t __dirnext
0014539c 00000114 T opendir
001454b0 00000098 T closedir
00145548 000000f8 T readdir_r
00145640 00000048 T readdir
00145688 0000009c T _fstat_r
00145724 00000014 T _getpid_r
00145738 0000002c T __getreent
00145764 00000030 T _gettimeofday_r
00145794 000000a0 T __release_handle
00145834 000000b0 T __alloc_handle
001458e4 00000058 T __get_handle
0014593c 00000110 T _close_r
00145a4c 00000008 t null_write
00145a54 00000018 T setDefaultDevice
00145a6c 000000c4 T FindDevice
00145b30 00000028 T RemoveDevice
00145b58 00000098 T AddDevice
00145bf0 00000020 T GetDeviceOpTab
00145c10 00000008 T _isatty_r
00145c18 00000014 T _kill_r
00145c2c 00000094 T _lseek_r
00145cc0 00000068 T mkdir
00145d28 000000c0 T _open_r
00145de8 00000094 T _read_r
00145e7c 00000078 W _sbrk_r
00145ef4 00000080 T _stat_r
00145f74 0000001c T __libc_lock_acquire
00145f90 0000001c T __libc_lock_release
00145fac 0000001c T __libc_lock_acquire_recursive
00145fc8 0000001c T __libc_lock_release_recursive
00145fe4 00000094 T _write_r
00146078 00000048 T strrchr
001460c0 T _fini
00147000 00000023 r CSWTCH.78
00147024 0000008c r editor::render()::effectNames
001470f4 00000018 r game::kSequence
00147130 0000008c r levels::brickMap
001471bc 0000008c r levels::kBrickCodes
00147260 0000016c r (anonymous namespace)::kGlyphs
001473fc R BACKGROUND_t3x
0018b581 R BACKGROUND_t3x_end
0018b584 R BREAK_t3x
001b4349 R BREAK_t3x_end
001b434c R DESIGNER_t3x
001b9639 R DESIGNER_t3x_end
001b963c R HIGH_t3x
001cffcd R HIGH_t3x_end
001cffd0 R IMAGE_t3x
001d3f95 R IMAGE_t3x_end
001d3f98 R INSTRUCT_t3x
00206109 R INSTRUCT_t3x_end
0020610c R OPTIONS_t3x
00228091 R OPTIONS_t3x_end
00228094 R TITLE_t3x
0024a56d R TITLE_t3x_end
0024a570 R TOUCH_t3x
00283b11 R TOUCH_t3x_end
00284300 r .LC1
002843b4 r .LC41
002849e4 r .LC2
00284b64 00000008 r s_defaultTint.0
00284b6c R render2d_shbin
00284cf8 R render2d_shbin_end
00284cf8 R render2d_shbin_size
00284cfc 00000004 r depthFmtSizes
00284d00 00000005 r colorFmtSizes
00284d08 00000010 r CSWTCH.11
00284d18 00000038 r CSWTCH.19
00284d50 00000080 r romFS_devoptab
00284ddc 00000011 r dsp_filename.0
00284e0c 00000008 r morton_y.2
00284e14 00000008 r morton_x.3
00284e1c 00000008 r s_sleepWakeEvents.4
00284e24 0000000c r serviceNameTable.5
00284e54 00000030 r error_table
00284e84 00000080 r archive_devoptab
00284f04 00000027 V typeinfo name for __gnu_cxx::__concurrence_lock_error
00284f2c 0000000c V typeinfo for __gnu_cxx::__concurrence_lock_error
00284f38 00000029 V typeinfo name for __gnu_cxx::__concurrence_unlock_error
00284f64 0000000c V typeinfo for __gnu_cxx::__concurrence_unlock_error
00284f70 0000002c V typeinfo name for __gnu_cxx::__concurrence_broadcast_error
00284f9c 0000000c V typeinfo for __gnu_cxx::__concurrence_broadcast_error
00284fa8 00000027 V typeinfo name for __gnu_cxx::__concurrence_wait_error
00284fd0 0000000c V typeinfo for __gnu_cxx::__concurrence_wait_error
00284fdc 00000014 V vtable for __gnu_cxx::__concurrence_lock_error
00284ff0 00000014 V vtable for __gnu_cxx::__concurrence_unlock_error
00285004 00000014 V vtable for __gnu_cxx::__concurrence_broadcast_error
00285018 00000014 V vtable for __gnu_cxx::__concurrence_wait_error
0028502c 00000023 R typeinfo name for __gnu_cxx::recursive_init_error
00285050 0000000c R typeinfo for __gnu_cxx::recursive_init_error
0028505c 00000014 R vtable for __gnu_cxx::recursive_init_error
00285070 00000025 R typeinfo name for __cxxabiv1::__si_class_type_info
00285098 0000000c R typeinfo for __cxxabiv1::__si_class_type_info
002850a4 0000002c R vtable for __cxxabiv1::__si_class_type_info
002850d0 0000000d R typeinfo name for std::type_info
002850e0 00000008 R typeinfo for std::type_info
002850e8 0000000e r std::__detail::_Prime_rehash_policy::_M_next_bkt(unsigned int) const::__fast_bkt
002850f8 00000404 R std::__detail::__prime_list
002854fc 0000000d R typeinfo name for std::bad_alloc
0028550c 0000000c R typeinfo for std::bad_alloc
00285518 00000014 R vtable for std::bad_alloc
0028552c 00000019 R typeinfo name for std::bad_array_new_length
00285548 0000000c R typeinfo for std::bad_array_new_length
00285554 00000014 R vtable for std::bad_array_new_length
00285568 00000022 R typeinfo name for __cxxabiv1::__class_type_info
0028558c 0000000c R typeinfo for __cxxabiv1::__class_type_info
00285598 0000002c R vtable for __cxxabiv1::__class_type_info
002855c4 0000000d R typeinfo name for std::exception
002855d4 00000008 R typeinfo for std::exception
002855dc 00000012 R typeinfo name for std::bad_exception
002855f0 0000000c R typeinfo for std::bad_exception
002855fc 00000020 R typeinfo name for __cxxabiv1::__forced_unwind
0028561c 00000008 R typeinfo for __cxxabiv1::__forced_unwind
00285624 00000024 R typeinfo name for __cxxabiv1::__foreign_exception
00285648 00000008 R typeinfo for __cxxabiv1::__foreign_exception
00285650 00000014 R vtable for std::bad_exception
00285678 00000010 R typeinfo name for std::logic_error
00285688 0000000c R typeinfo for std::logic_error
00285694 00000011 R typeinfo name for std::length_error
002856a8 0000000c R typeinfo for std::length_error
002856b4 00000011 R typeinfo name for std::out_of_range
002856c8 0000000c R typeinfo for std::out_of_range
002856d4 00000014 R vtable for std::logic_error
002856e8 00000014 R vtable for std::length_error
002856fc 00000014 R vtable for std::out_of_range
00285710 00000060 R __inv_pio4
00285770 000000e0 R __sincosf_table
00285994 00000010 r zeroes.0
002859a4 00000010 r blanks.1
00285aa8 00000010 r zeroes.0
00285ab8 00000010 r blanks.1
00285ac8 00000101 R _ctype_
00285ce0 00000022 r basefix.0
00285d04 0000006c R __action_table
00285d70 0000006c R __state_table
00285ddc 00000100 R __chclass
00285edc 0000000c r p05.0
00285ee8 00000028 R __mprec_bigtens
00285f10 000000c8 R __mprec_tens
0028603c 00000014 r fpinan.0
00286050 00000014 r fpi.1
00286068 00000028 r tinytens
00286090 00000100 R __hexdig
0028627c 00000010 r zeroes.0
0028628c 00000010 r blanks.1
0028629c 000035dc r categories
00289878 00000080 R dotab_stdnull
002898f8 R __tdata_align
002898fc r __EH_FRAME_BEGIN__
00289a28 R __exidx_start
00289ca0 R __exidx_end
0028a000 00000004 d game::update(InputState const&)::sPressedBtn
0028a004 00000004 d highscores::g_guard
0028a008 00000040 d options::dropdown
0028a048 00000060 d sound::g_music
0028a0a8 00000004 d (anonymous namespace)::g_targetWidth
0028a0ac 00000008 d framerateCounter
0028a0b4 00000004 d framerate
0028a0b8 00000004 d queueLock
0028a0bc 00000004 d aptChainloadDeliverArgSize
0028a0c0 00000004 d kCount
0028a0c4 00000004 d kInterval
0028a0c8 00000004 d kDelay
0028a0cc W __stacksize__
0028a0d0 00000004 D __cxxabiv1::__unexpected_handler
0028a0d4 00000004 D __cxxabiv1::__terminate_handler
0028a0d8 0000000c D __sglue
0028a0e4 00000004 D __malloc_sbrk_base
0028a0e8 00000004 D __malloc_trim_threshold
0028a0f0 00000408 D __malloc_av_
0028a4f8 00000004 D _impure_ptr
0028a500 00000140 D _impure_data
0028a640 0000016c D __global_locale
0028a7ac 00000004 D environ
0028a7b0 00000400 d _current_working_directory
0028abb0 00001000 d handles
0028bbb0 0000000c d __stderr_handle
0028bbbc 0000000c d __stdout_handle
0028bbc8 0000000c d __stdin_handle
0028bbd4 0000008c D devoptab_list
0028bc60 00000004 d defaultDevice
0028bc6c d _GLOBAL_OFFSET_TABLE_
0028bc78 d __frame_dummy_init_array_entry
0028bc78 D __init_array_start
0028bc78 B __preinit_array_end
0028bc78 B __preinit_array_start
0028bc78 D __tdata_lma
0028bc78 D __tdata_lma_end
0028bc9c d __do_global_dtors_aux_fini_array_entry
0028bc9c D __fini_array_start
0028bc9c D __init_array_end
0028bcbc D __bss_start__
0028bcbc D __fini_array_end
0028bcbc 0000003c b editor::E
0028bcf8 00000004 b editor::g_lastAction
0028bcfc 0000000c b editor::g_undo
0028bd08 00000021 b editor::edit_level_name()::out
0028bd2c 0000000c b editor::g_buttons
0028bd38 00000100 b game::G
0028be38 00000001 b game::g_exitRequested
0028be3c 00000004 b game::seqPos
0028be40 00000090 b game::kTitleButtons
0028bed0 00000004 b game::seqTimer
0028bed4 00000001 b game::update(InputState const&)::sawTouchWhileLocked
0028bed8 000000a0 b highscores::g_entries
0028bf78 00000001 b highscores::g_loaded
0028bf7c 00000018 b levels::g_activeLevelFile
0028bf94 00000001 b levels::g_loaded
0028bf98 0000000c b levels::g_levels
0028bfa4 00000004 b levels::g_currentLevel
0028bfa8 00000004 b levels::g_renderOffsetX
0028bfac 00000004 b levels::g_renderOffsetY
0028bfb0 0000000c b levels::g_fileList
0028bfbc 0000001c b levels::kCodeToIndex
0028bfd8 00000009 b options::duplicateName
0028bfe4 00000009 b options::show_name_keyboard()::out
0028bff0 00000004 b options::selectedIndex
0028bff4 00000018 b options::pendingFile
0028c00c 0000000c b options::buttons
0028c018 00000001 b sound::g_inited
0028c01c 00000280 b sound::g_sfx
0028c29c 0000001c b sound::g_clipCache
0028c2b8 00000001 b sound::g_warnedNoInit
0028c2c0 00000080 b sound::g_lastSfxPlayMs
0028c340 00000018 b hw_log(char const*)::lastLine
0028c358 00000004 b (anonymous namespace)::g_sheetDesigner
0028c35c 00000004 b (anonymous namespace)::g_sheetHigh
0028c360 00000004 b (anonymous namespace)::g_sheetTouch
0028c364 00000004 b (anonymous namespace)::g_sheetOptions
0028c368 00000004 b (anonymous namespace)::g_sheetInstruct
0028c36c 00000004 b (anonymous namespace)::g_sheetTitle
0028c370 00000004 b (anonymous namespace)::g_sheetBreak
0028c374 00000004 b (anonymous namespace)::g_sheetImage
0028c378 00000004 b (anonymous namespace)::g_sheetBackground
0028c37c 00000004 b (anonymous namespace)::g_top
0028c380 00000004 b (anonymous namespace)::g_bottom
0028c384 0000000c b (anonymous namespace)::g_logs
0028c390 00000004 b guard variable for hw_log(char const*)::lastLine
0028c394 00000004 b hw_log(char const*)::repeatCount
0028c398 b completed.1
0028c39c b object.0
0028c3b8 000005a8 B __C2Di_Context
0028c960 00000040 b s_projBot
0028c9a0 00000040 b s_projTop
0028c9e0 00000004 b uLoc_mdlvMtx
0028c9e4 00000004 b uLoc_projMtx
0028c9e8 0000000c b hookCookie
0028c9f8 000002d0 B __C3D_Context
0028ccc8 00000004 b frameEndCbData
0028cccc 00000004 b frameEndCb
0028ccd0 00000008 b frameCounter
0028ccd8 00000001 b isTopStereo
0028ccd9 00000001 b needSwapBot
0028ccda 00000001 b needSwapTop
0028ccdb 00000001 b measureGpuTime
0028ccdc 00000001 b inSafeTransfer
0028ccdd 00000001 b inFrame
0028cce0 00000010 b cpuTime
0028ccf0 00000010 b gpuTime
0028cd00 0000000c b linkedTarget
0028cd0c 00000004 b lastTarget
0028cd10 00000004 b firstTarget
0028cd14 00000008 b C3Di_IVUnifEverDirty
0028cd1c 000000c0 b C3Di_FVUnifEverDirty
0028cddc 00000018 b C3Di_ShaderFVecData
0028cdf4 00000002 B C3D_BoolUnifsDirty
0028cdf8 00000008 B C3D_IVUnifDirty
0028ce00 000000c0 B C3D_FVUnifDirty
0028cec0 00000004 B C3D_BoolUnifs
0028cec4 00000020 B C3D_IVUnif
0028cee4 00000c00 B C3D_FVUnif
0028dae8 00000008 b sLinearPool
0028daf0 0000000c b sAddrMap
0028db00 00000008 b sVramPoolB
0028db08 00000008 b sVramPoolA
0028db10 0000000c b sAddrMap
0028db1c 00000004 b screenAlloc
0028db20 00000004 b screenFree
0028db24 00000002 b gfxIsDoubleBuf
0028db28 00000002 b gfxCurBuf
0028db2a 00000001 b gfxIsVram
0028db2b 00000001 b gfxTopMode
0028db2c 00000002 b gfxFramebufferFormats
0028db30 00000004 b gfxBottomFramebufferMaxSize
0028db34 00000004 b gfxTopFramebufferMaxSize
0028db38 00000008 b gfxBottomFramebuffers
0028db40 00000008 b gfxTopFramebuffers
0028db48 00000001 V __ctru_speedup
0028db4c 00000004 b romfs_mount_list
0028db50 00000004 V __romfs_path
0028db54 00000004 B gpuCmdBufOffset
0028db58 00000004 B gpuCmdBufSize
0028db5c 00000004 B gpuCmdBuf
0028db60 00000004 b boundQueue
0028db64 00000001 b shouldStop
0028db65 00000001 b isRunning
0028db66 00000001 b isActive
0028db68 00000004 b curQueue
0028db6c 00000004 b ndspRefCount
0028db70 00000048 b ndspMaster
0028dbb8 00000004 b ndspThread
0028dbbc 00000001 b ndspThreadRun
0028dbc0 00001080 b dspVar5Backup
0028ec40 00000004 b ndspMutex
0028ec44 00000008 b sleepEvent
0028ec4c 00000004 b dspSem
0028ec50 00000004 b irqEvent
0028ec54 00000008 b ndspHookCookie
0028ec5c 00000001 b componentFree
0028ec5e 00000002 b componentDataMask
0028ec60 00000002 b componentProgMask
0028ec64 00000004 b componentSize
0028ec68 00000004 b componentBin
0028ec6c 00000004 b frameCount
0028ec70 00000004 b droppedFrames
0028ec74 00000001 b bCancelReceived
0028ec75 00000001 b bSleeping
0028ec76 00000001 b bEnteringSleep
0028ec77 00000001 b bDspReady
0028ec78 00000080 B ndspVars
0028ecf8 00000002 B ndspBufferId
0028ecfa 00000002 B ndspBufferCurId
0028ecfc 00000002 B ndspFrameId
0028ed00 00000c60 b ndspChn
0028f960 00000001 b flagValue.0
0028f961 00000001 b flagInit.1
0028f964 00000004 b serviceName.6
0028f968 00000001 b aptChainloadFlags
0028f969 00000001 b aptChainloadMediatype
0028f96c 00000020 b aptChainloadHmac
0028f98c 00000300 b aptChainloadDeliverArg
0028fc90 00000008 b aptChainloadTid
0028fc98 00001000 b aptParameters
00290c98 00000004 b aptFlags
00290c9c 00000001 b aptHomeButtonState
00290ca0 00000004 b aptMessageFuncData
00290ca4 00000004 b aptMessageFunc
00290ca8 0000000c b aptFirstHook
00290cb4 00000001 b aptEventHandlerThreadQuit
00290cb8 00000004 b aptEventHandlerThread
00290cbc 00000008 b aptSleepEvent
00290cc4 00000008 b aptReceiveEvent
00290ccc 00000008 b aptEvents
00290cd4 00000004 b aptLockHandle
00290cd8 00000004 b aptRefCount
00290cdc 00000004 b cfguRefCount
00290ce0 00000004 b cfguHandle
00290ce4 00000002 b dspSavedCompDataMask
00290ce6 00000002 b dspSavedCompProgMask
00290ce8 00000004 b dspSavedCompSize
00290cec 00000004 b dspSavedCompBin
00290cf0 00000001 b dspSleeping
00290cf1 00000001 b dspComponentLoaded
00290cf4 00000008 b dspFirstHook
00290cfc 00000004 b dspRefCount
00290d00 00000004 b dspHandle
00290d08 00000080 b fsExemptArchives
00290d88 00000004 b fsuRefCount
00290d8c 00000004 b fsuHandle
00290d90 00000007 b gspEventCbOneShot
00290d98 0000001c b gspEventCbData
00290db4 0000001c b gspEventCb
00290dd0 00000038 b gspEvents
00290e08 00000004 b gspLastEvent
00290e0c 00000001 b gspRunEvents
00290e10 00000004 b gspEventThread
00290e14 00000004 b gspEvent
00290e18 00000001 b gspGpuRight
00290e19 00000001 b gspThreadId
00290e1c 00000004 b gspSharedMem
00290e20 00000004 b gspSharedMemHandle
00290e24 00000004 b gspRefCount
00290e28 00000004 b gspGpuHandle
00290e2c 00000001 b usingIrrst
00290e30 00000004 b hidRefCount
00290e34 00000006 b gRate
00290e3c 00000006 b aVec
00290e44 00000004 b cPos
00290e48 00000004 b tPos
00290e4c 00000004 b kRepeat
00290e50 00000004 b kUp
00290e54 00000004 b kDown
00290e58 00000004 b kHeld
00290e5c 00000004 b kOld
00290e60 00000004 B hidSharedMem
00290e64 00000014 B hidEvents
00290e78 00000004 B hidMemHandle
00290e7c 00000004 B hidHandle
00290e80 00000004 b irrstRefCount
00290e84 00000004 b csPos
00290e88 00000004 b kHeld
00290e8c 00000004 B irrstSharedMem
00290e90 00000004 B irrstEvent
00290e94 00000004 B irrstMemHandle
00290e98 00000004 B irrstHandle
00290e9c 00000004 b ptmSysmRefCount
00290ea0 00000004 b ptmSysmHandle
00290ea4 00000004 b swkbdSharedMemHandle
00290ea8 00000004 b swkbdSharedMem
00290eac 00000004 V __ctru_linear_heap_size
00290eb0 00000004 V __ctru_heap_size
00290eb4 00000004 B __ctru_linear_heap
00290eb8 00000004 B __ctru_heap
00290ebc 00000004 B __system_retAddr
00290ec0 00000004 B __system_argv
00290ec4 00000004 B __system_argc
00290ec8 b saved_stack
00290ed0 00000004 B __3dslink_host
00290ed4 00000004 b srvRefCount
00290ed8 00000004 b srvHandle
00290edc 00000004 b arbiter
00290ee0 00000004 b currentAddr
00290ee4 00000004 b maxAddr
00290ee8 00000004 b minAddr
00290eec 00000004 b srvPmHandle
00290ef0 000005c0 b archive_devices
002914b0 00000004 b archive_device_cwd
002914b4 00000001 b archive_initialized
002914b8 00000004 b (anonymous namespace)::get_static_cond()::once
002914c0 00000008 b (anonymous namespace)::fake_cond
002914c8 00000004 b (anonymous namespace)::static_cond
002914cc 00000004 b (anonymous namespace)::get_static_mutex()::once
002914d0 00000010 b (anonymous namespace)::fake_mutex
002914e0 00000004 b (anonymous namespace)::static_mutex
002914e8 0000001c b (anonymous namespace)::emergency_pool
00291504 00000004 b init
00291508 00000001 B __eh_globals_init::_S_init
0029150c 0000000c b (anonymous namespace)::eh_globals
00291518 00000004 b (anonymous namespace)::__new_handler
0029151c 00000010 V std::string::_Rep::_S_empty_rep_storage
0029152c 0000000c b __sfp_recursive_mutex
00291538 00000168 B __sf
002916a0 00000004 B __stdio_exit_handler
002916a4 00000028 B __malloc_current_mallinfo
002916cc 00000004 B __malloc_max_total_mem
002916d0 00000004 B __malloc_max_sbrked_mem
002916d4 00000004 B __malloc_top_pad
002916d8 0000000c b __malloc_recursive_mutex
002916e4 0000000c b __env_recursive_mutex
002916f0 00000004 b initial_env
002916f4 00000190 B __atexit0
00291884 00000004 B __atexit
00291888 0000000c B __atexit_recursive_mutex
00291894 00000400 b temp_cwd
00291c94 00000004 b __hndl_lock
00291c98 00000004 B fake_heap_start
00291c9c 00000004 B fake_heap_end
00291ca0 00000004 b heap_start.0
00291ca4 B __tls_start
002928ac B __bss_end__
002928ac A __end__
002928ac B __tls_end
